<?xml version="1.0" encoding="UTF-8"?>
<!-- Generated by org.testng.reporters.JUnitXMLReporter -->
<testsuite hostname="DESKTOP-NAVEEN" ignored="0" name="Default test" tests="4" failures="0" timestamp="09 Sep 2022 16:42:30 GMT" time="60.302" errors="0">
  <testcase name="tc" time="0.327" classname="dataProvider.Practice1"/>
  <testcase name="tc" time="0.359" classname="dataProvider.Practice1"/>
  <testcase name="tc" time="0.324" classname="dataProvider.Practice1"/>
  <testcase name="tc" time="0.287" classname="dataProvider.Practice1"/>
</testsuite> <!-- Default test -->
