<?xml version="1.0" encoding="UTF-8"?>
<!-- Generated by org.testng.reporters.JUnitXMLReporter -->
<testsuite hostname="DESKTOP-NAVEEN" ignored="6" name="Test" tests="3" failures="0" timestamp="10 Sep 2022 04:29:45 GMT" time="0.032" errors="0">
  <testcase name="tc2" time="0.007" classname="dataProvider.SampleTest1"/>
  <testcase name="tc2" time="0.001" classname="dataProvider.SampleTest2"/>
  <testcase name="tc2" time="0.001" classname="dataProvider.SampleTest"/>
  <testcase name="tc3" time="0.0" classname="dataProvider.SampleTest2">
    <ignored/>
  </testcase> <!-- tc3 -->
  <testcase name="tc1" time="0.0" classname="dataProvider.SampleTest">
    <ignored/>
  </testcase> <!-- tc1 -->
  <testcase name="tc3" time="0.0" classname="dataProvider.SampleTest1">
    <ignored/>
  </testcase> <!-- tc3 -->
  <testcase name="tc3" time="0.0" classname="dataProvider.SampleTest">
    <ignored/>
  </testcase> <!-- tc3 -->
  <testcase name="tc1" time="0.0" classname="dataProvider.SampleTest1">
    <ignored/>
  </testcase> <!-- tc1 -->
  <testcase name="tc1" time="0.0" classname="dataProvider.SampleTest2">
    <ignored/>
  </testcase> <!-- tc1 -->
</testsuite> <!-- Test -->
