<?xml version="1.0" encoding="UTF-8"?>
<testng-results skipped="0" failed="0" total="2" passed="2">
  <reporter-output>
  </reporter-output>
  <suite name="Default suite" duration-ms="58057" started-at="2022-09-07T06:43:36Z" finished-at="2022-09-07T06:44:34Z">
    <groups>
    </groups>
    <test name="Default test" duration-ms="58057" started-at="2022-09-07T06:43:36Z" finished-at="2022-09-07T06:44:34Z">
      <class name="org.com.SampleReport_ScreenShot">
        <test-method status="PASS" signature="browserLaunch()[pri:0, instance:org.com.SampleReport_ScreenShot@66a3ffec]" name="browserLaunch" is-config="true" duration-ms="48344" started-at="2022-09-07T12:13:36Z" finished-at="2022-09-07T12:14:25Z">
          <reporter-output>
          </reporter-output>
        </test-method> <!-- browserLaunch -->
        <test-method status="PASS" signature="GmailNavigate()[pri:0, instance:org.com.SampleReport_ScreenShot@66a3ffec]" name="GmailNavigate" duration-ms="6162" started-at="2022-09-07T12:14:25Z" finished-at="2022-09-07T12:14:31Z">
          <reporter-output>
          </reporter-output>
        </test-method> <!-- GmailNavigate -->
        <test-method status="PASS" signature="ValidateTitl()[pri:0, instance:org.com.SampleReport_ScreenShot@66a3ffec]" name="ValidateTitl" duration-ms="11" started-at="2022-09-07T12:14:31Z" finished-at="2022-09-07T12:14:31Z">
          <reporter-output>
          </reporter-output>
        </test-method> <!-- ValidateTitl -->
        <test-method status="PASS" signature="tearDown()[pri:0, instance:org.com.SampleReport_ScreenShot@66a3ffec]" name="tearDown" is-config="true" duration-ms="3241" started-at="2022-09-07T12:14:31Z" finished-at="2022-09-07T12:14:34Z">
          <reporter-output>
          </reporter-output>
        </test-method> <!-- tearDown -->
      </class> <!-- org.com.SampleReport_ScreenShot -->
    </test> <!-- Default test -->
  </suite> <!-- Default suite -->
</testng-results>
